{"/Users/lyt1109/Desktop/COMP30022-SDGs-Frontend/itp-front/src/App.vue": {"path":"/Users/lyt1109/Desktop/COMP30022-SDGs-Frontend/itp-front/src/App.vue","statementMap":{"0":{"start":{"line":10,"column":0},"end":{"line":10,"column":null}},"1":{"start":{"line":11,"column":0},"end":{"line":11,"column":null}},"2":{"start":{"line":7,"column":0},"end":{"line":38,"column":null}}},"fnMap":{},"branchMap":{},"s":{"0":0,"1":0,"2":0},"f":{},"b":{}}
,"/Users/lyt1109/Desktop/COMP30022-SDGs-Frontend/itp-front/src/eventBus.js": {"path":"/Users/lyt1109/Desktop/COMP30022-SDGs-Frontend/itp-front/src/eventBus.js","statementMap":{"0":{"start":{"line":2,"column":24},"end":{"line":2,"column":33}}},"fnMap":{},"branchMap":{},"s":{"0":0},"f":{},"b":{}}
,"/Users/lyt1109/Desktop/COMP30022-SDGs-Frontend/itp-front/src/components/AskMenu.vue": {"path":"/Users/lyt1109/Desktop/COMP30022-SDGs-Frontend/itp-front/src/components/AskMenu.vue","statementMap":{"0":{"start":{"line":40,"column":0},"end":{"line":53,"column":null}}},"fnMap":{},"branchMap":{},"s":{"0":0},"f":{},"b":{}}
,"/Users/lyt1109/Desktop/COMP30022-SDGs-Frontend/itp-front/src/components/BadgeBanner.vue": {"path":"/Users/lyt1109/Desktop/COMP30022-SDGs-Frontend/itp-front/src/components/BadgeBanner.vue","statementMap":{"0":{"start":{"line":8,"column":0},"end":{"line":12,"column":null}}},"fnMap":{},"branchMap":{},"s":{"0":0},"f":{},"b":{}}
,"/Users/lyt1109/Desktop/COMP30022-SDGs-Frontend/itp-front/src/components/Banner.vue": {"path":"/Users/lyt1109/Desktop/COMP30022-SDGs-Frontend/itp-front/src/components/Banner.vue","statementMap":{"0":{"start":{"line":19,"column":0},"end":{"line":28,"column":null}}},"fnMap":{},"branchMap":{},"s":{"0":0},"f":{},"b":{}}
,"/Users/lyt1109/Desktop/COMP30022-SDGs-Frontend/itp-front/src/components/BannerForUploadQuestion.vue": {"path":"/Users/lyt1109/Desktop/COMP30022-SDGs-Frontend/itp-front/src/components/BannerForUploadQuestion.vue","statementMap":{"0":{"start":{"line":10,"column":0},"end":{"line":28,"column":null}}},"fnMap":{},"branchMap":{},"s":{"0":0},"f":{},"b":{}}
,"/Users/lyt1109/Desktop/COMP30022-SDGs-Frontend/itp-front/src/components/CertificateBanner.vue": {"path":"/Users/lyt1109/Desktop/COMP30022-SDGs-Frontend/itp-front/src/components/CertificateBanner.vue","statementMap":{"0":{"start":{"line":8,"column":0},"end":{"line":12,"column":null}}},"fnMap":{},"branchMap":{},"s":{"0":0},"f":{},"b":{}}
,"/Users/lyt1109/Desktop/COMP30022-SDGs-Frontend/itp-front/src/components/FillUploadQuestion.vue": {"path":"/Users/lyt1109/Desktop/COMP30022-SDGs-Frontend/itp-front/src/components/FillUploadQuestion.vue","statementMap":{"0":{"start":{"line":57,"column":0},"end":{"line":131,"column":null}}},"fnMap":{},"branchMap":{},"s":{"0":0},"f":{},"b":{}}
,"/Users/lyt1109/Desktop/COMP30022-SDGs-Frontend/itp-front/src/components/Header.vue": {"path":"/Users/lyt1109/Desktop/COMP30022-SDGs-Frontend/itp-front/src/components/Header.vue","statementMap":{"0":{"start":{"line":121,"column":0},"end":{"line":121,"column":null}},"1":{"start":{"line":119,"column":0},"end":{"line":153,"column":null}}},"fnMap":{},"branchMap":{},"s":{"0":0,"1":0},"f":{},"b":{}}
,"/Users/lyt1109/Desktop/COMP30022-SDGs-Frontend/itp-front/src/components/HelloWord.vue": {"path":"/Users/lyt1109/Desktop/COMP30022-SDGs-Frontend/itp-front/src/components/HelloWord.vue","statementMap":{"0":{"start":{"line":9,"column":0},"end":{"line":25,"column":null}}},"fnMap":{},"branchMap":{},"s":{"0":0},"f":{},"b":{}}
,"/Users/lyt1109/Desktop/COMP30022-SDGs-Frontend/itp-front/src/components/Login.vue": {"path":"/Users/lyt1109/Desktop/COMP30022-SDGs-Frontend/itp-front/src/components/Login.vue","statementMap":{"0":{"start":{"line":78,"column":0},"end":{"line":108,"column":null}}},"fnMap":{},"branchMap":{},"s":{"0":0},"f":{},"b":{}}
,"/Users/lyt1109/Desktop/COMP30022-SDGs-Frontend/itp-front/src/components/MainBannerHome.vue": {"path":"/Users/lyt1109/Desktop/COMP30022-SDGs-Frontend/itp-front/src/components/MainBannerHome.vue","statementMap":{"0":{"start":{"line":25,"column":0},"end":{"line":30,"column":null}}},"fnMap":{},"branchMap":{},"s":{"0":0},"f":{},"b":{}}
,"/Users/lyt1109/Desktop/COMP30022-SDGs-Frontend/itp-front/src/components/MainBannerLearn.vue": {"path":"/Users/lyt1109/Desktop/COMP30022-SDGs-Frontend/itp-front/src/components/MainBannerLearn.vue","statementMap":{"0":{"start":{"line":24,"column":0},"end":{"line":28,"column":null}}},"fnMap":{},"branchMap":{},"s":{"0":0},"f":{},"b":{}}
,"/Users/lyt1109/Desktop/COMP30022-SDGs-Frontend/itp-front/src/components/MainFooter.vue": {"path":"/Users/lyt1109/Desktop/COMP30022-SDGs-Frontend/itp-front/src/components/MainFooter.vue","statementMap":{"0":{"start":{"line":74,"column":0},"end":{"line":83,"column":null}}},"fnMap":{},"branchMap":{},"s":{"0":0},"f":{},"b":{}}
,"/Users/lyt1109/Desktop/COMP30022-SDGs-Frontend/itp-front/src/components/MultipleChoice.vue": {"path":"/Users/lyt1109/Desktop/COMP30022-SDGs-Frontend/itp-front/src/components/MultipleChoice.vue","statementMap":{"0":{"start":{"line":55,"column":0},"end":{"line":315,"column":null}}},"fnMap":{},"branchMap":{},"s":{"0":0},"f":{},"b":{}}
,"/Users/lyt1109/Desktop/COMP30022-SDGs-Frontend/itp-front/src/components/MyQuestionList.vue": {"path":"/Users/lyt1109/Desktop/COMP30022-SDGs-Frontend/itp-front/src/components/MyQuestionList.vue","statementMap":{"0":{"start":{"line":28,"column":0},"end":{"line":67,"column":null}}},"fnMap":{},"branchMap":{},"s":{"0":0},"f":{},"b":{}}
,"/Users/lyt1109/Desktop/COMP30022-SDGs-Frontend/itp-front/src/components/ProfileSidebar.vue": {"path":"/Users/lyt1109/Desktop/COMP30022-SDGs-Frontend/itp-front/src/components/ProfileSidebar.vue","statementMap":{"0":{"start":{"line":28,"column":0},"end":{"line":32,"column":null}}},"fnMap":{},"branchMap":{},"s":{"0":0},"f":{},"b":{}}
,"/Users/lyt1109/Desktop/COMP30022-SDGs-Frontend/itp-front/src/components/QuestionDetail.vue": {"path":"/Users/lyt1109/Desktop/COMP30022-SDGs-Frontend/itp-front/src/components/QuestionDetail.vue","statementMap":{"0":{"start":{"line":42,"column":0},"end":{"line":110,"column":null}}},"fnMap":{},"branchMap":{},"s":{"0":0},"f":{},"b":{}}
,"/Users/lyt1109/Desktop/COMP30022-SDGs-Frontend/itp-front/src/components/QuestionList.vue": {"path":"/Users/lyt1109/Desktop/COMP30022-SDGs-Frontend/itp-front/src/components/QuestionList.vue","statementMap":{"0":{"start":{"line":11,"column":0},"end":{"line":39,"column":null}}},"fnMap":{},"branchMap":{},"s":{"0":0},"f":{},"b":{}}
,"/Users/lyt1109/Desktop/COMP30022-SDGs-Frontend/itp-front/src/components/ReadFlashcard.vue": {"path":"/Users/lyt1109/Desktop/COMP30022-SDGs-Frontend/itp-front/src/components/ReadFlashcard.vue","statementMap":{"0":{"start":{"line":17,"column":0},"end":{"line":45,"column":null}}},"fnMap":{},"branchMap":{},"s":{"0":0},"f":{},"b":{}}
,"/Users/lyt1109/Desktop/COMP30022-SDGs-Frontend/itp-front/src/components/SideBar.vue": {"path":"/Users/lyt1109/Desktop/COMP30022-SDGs-Frontend/itp-front/src/components/SideBar.vue","statementMap":{"0":{"start":{"line":45,"column":0},"end":{"line":60,"column":null}}},"fnMap":{},"branchMap":{},"s":{"0":0},"f":{},"b":{}}
,"/Users/lyt1109/Desktop/COMP30022-SDGs-Frontend/itp-front/src/components/SwiperItem.vue": {"path":"/Users/lyt1109/Desktop/COMP30022-SDGs-Frontend/itp-front/src/components/SwiperItem.vue","statementMap":{"0":{"start":{"line":13,"column":0},"end":{"line":13,"column":null}},"1":{"start":{"line":14,"column":0},"end":{"line":14,"column":null}},"2":{"start":{"line":15,"column":0},"end":{"line":15,"column":null}},"3":{"start":{"line":11,"column":0},"end":{"line":51,"column":null}}},"fnMap":{},"branchMap":{},"s":{"0":0,"1":0,"2":0,"3":0},"f":{},"b":{}}
,"/Users/lyt1109/Desktop/COMP30022-SDGs-Frontend/itp-front/src/components/SwiperList.vue": {"path":"/Users/lyt1109/Desktop/COMP30022-SDGs-Frontend/itp-front/src/components/SwiperList.vue","statementMap":{"0":{"start":{"line":30,"column":0},"end":{"line":30,"column":null}},"1":{"start":{"line":28,"column":0},"end":{"line":299,"column":null}}},"fnMap":{},"branchMap":{},"s":{"0":0,"1":0},"f":{},"b":{}}
,"/Users/lyt1109/Desktop/COMP30022-SDGs-Frontend/itp-front/src/js/options.js": {"path":"/Users/lyt1109/Desktop/COMP30022-SDGs-Frontend/itp-front/src/js/options.js","statementMap":{"0":{"start":{"line":2,"column":2},"end":{"line":23,"column":4}}},"fnMap":{"0":{"name":"getOptions","decl":{"start":{"line":1,"column":16},"end":{"line":1,"column":26}},"loc":{"start":{"line":1,"column":39},"end":{"line":24,"column":1}},"line":1}},"branchMap":{},"s":{"0":0},"f":{"0":0},"b":{}}
,"/Users/lyt1109/Desktop/COMP30022-SDGs-Frontend/itp-front/src/plugins/element.js": {"path":"/Users/lyt1109/Desktop/COMP30022-SDGs-Frontend/itp-front/src/plugins/element.js","statementMap":{"0":{"start":{"line":82,"column":0},"end":{"line":82,"column":20}},"1":{"start":{"line":83,"column":0},"end":{"line":83,"column":16}},"2":{"start":{"line":84,"column":0},"end":{"line":84,"column":22}},"3":{"start":{"line":85,"column":0},"end":{"line":85,"column":18}},"4":{"start":{"line":86,"column":0},"end":{"line":86,"column":22}},"5":{"start":{"line":87,"column":0},"end":{"line":87,"column":22}},"6":{"start":{"line":88,"column":0},"end":{"line":88,"column":14}},"7":{"start":{"line":89,"column":0},"end":{"line":89,"column":17}},"8":{"start":{"line":90,"column":0},"end":{"line":90,"column":18}},"9":{"start":{"line":91,"column":0},"end":{"line":91,"column":23}},"10":{"start":{"line":92,"column":0},"end":{"line":92,"column":15}},"11":{"start":{"line":93,"column":0},"end":{"line":93,"column":21}},"12":{"start":{"line":94,"column":0},"end":{"line":94,"column":15}},"13":{"start":{"line":95,"column":0},"end":{"line":95,"column":20}},"14":{"start":{"line":96,"column":0},"end":{"line":96,"column":21}},"15":{"start":{"line":97,"column":0},"end":{"line":97,"column":18}},"16":{"start":{"line":98,"column":0},"end":{"line":98,"column":24}},"17":{"start":{"line":99,"column":0},"end":{"line":99,"column":23}},"18":{"start":{"line":100,"column":0},"end":{"line":100,"column":16}},"19":{"start":{"line":101,"column":0},"end":{"line":101,"column":16}},"20":{"start":{"line":102,"column":0},"end":{"line":102,"column":16}},"21":{"start":{"line":103,"column":0},"end":{"line":103,"column":21}},"22":{"start":{"line":104,"column":0},"end":{"line":104,"column":16}},"23":{"start":{"line":105,"column":0},"end":{"line":105,"column":21}},"24":{"start":{"line":106,"column":0},"end":{"line":106,"column":15}},"25":{"start":{"line":107,"column":0},"end":{"line":107,"column":21}},"26":{"start":{"line":108,"column":0},"end":{"line":108,"column":20}},"27":{"start":{"line":109,"column":0},"end":{"line":109,"column":20}},"28":{"start":{"line":110,"column":0},"end":{"line":110,"column":20}},"29":{"start":{"line":111,"column":0},"end":{"line":111,"column":17}},"30":{"start":{"line":112,"column":0},"end":{"line":112,"column":17}},"31":{"start":{"line":113,"column":0},"end":{"line":113,"column":20}},"32":{"start":{"line":114,"column":0},"end":{"line":114,"column":24}},"33":{"start":{"line":115,"column":0},"end":{"line":115,"column":14}},"34":{"start":{"line":116,"column":0},"end":{"line":116,"column":18}},"35":{"start":{"line":117,"column":0},"end":{"line":117,"column":14}},"36":{"start":{"line":118,"column":0},"end":{"line":118,"column":17}},"37":{"start":{"line":119,"column":0},"end":{"line":119,"column":13}},"38":{"start":{"line":120,"column":0},"end":{"line":120,"column":14}},"39":{"start":{"line":121,"column":0},"end":{"line":121,"column":15}},"40":{"start":{"line":122,"column":0},"end":{"line":122,"column":16}},"41":{"start":{"line":123,"column":0},"end":{"line":123,"column":14}},"42":{"start":{"line":124,"column":0},"end":{"line":124,"column":13}},"43":{"start":{"line":125,"column":0},"end":{"line":125,"column":13}},"44":{"start":{"line":126,"column":0},"end":{"line":126,"column":16}},"45":{"start":{"line":127,"column":0},"end":{"line":127,"column":18}},"46":{"start":{"line":128,"column":0},"end":{"line":128,"column":17}},"47":{"start":{"line":129,"column":0},"end":{"line":129,"column":15}},"48":{"start":{"line":130,"column":0},"end":{"line":130,"column":14}},"49":{"start":{"line":131,"column":0},"end":{"line":131,"column":14}},"50":{"start":{"line":132,"column":0},"end":{"line":132,"column":15}},"51":{"start":{"line":133,"column":0},"end":{"line":133,"column":14}},"52":{"start":{"line":134,"column":0},"end":{"line":134,"column":18}},"53":{"start":{"line":135,"column":0},"end":{"line":135,"column":22}},"54":{"start":{"line":136,"column":0},"end":{"line":136,"column":18}},"55":{"start":{"line":137,"column":0},"end":{"line":137,"column":22}},"56":{"start":{"line":138,"column":0},"end":{"line":138,"column":18}},"57":{"start":{"line":139,"column":0},"end":{"line":139,"column":21}},"58":{"start":{"line":140,"column":0},"end":{"line":140,"column":18}},"59":{"start":{"line":141,"column":0},"end":{"line":141,"column":19}},"60":{"start":{"line":142,"column":0},"end":{"line":142,"column":16}},"61":{"start":{"line":143,"column":0},"end":{"line":143,"column":15}},"62":{"start":{"line":144,"column":0},"end":{"line":144,"column":14}},"63":{"start":{"line":145,"column":0},"end":{"line":145,"column":16}},"64":{"start":{"line":146,"column":0},"end":{"line":146,"column":18}},"65":{"start":{"line":147,"column":0},"end":{"line":147,"column":22}},"66":{"start":{"line":148,"column":0},"end":{"line":148,"column":14}},"67":{"start":{"line":149,"column":0},"end":{"line":149,"column":17}},"68":{"start":{"line":150,"column":0},"end":{"line":150,"column":15}},"69":{"start":{"line":151,"column":0},"end":{"line":151,"column":18}},"70":{"start":{"line":152,"column":0},"end":{"line":152,"column":17}},"71":{"start":{"line":153,"column":0},"end":{"line":153,"column":20}},"72":{"start":{"line":154,"column":0},"end":{"line":154,"column":23}},"73":{"start":{"line":156,"column":0},"end":{"line":156,"column":27}},"74":{"start":{"line":158,"column":0},"end":{"line":158,"column":41}},"75":{"start":{"line":159,"column":0},"end":{"line":159,"column":35}},"76":{"start":{"line":160,"column":0},"end":{"line":160,"column":40}},"77":{"start":{"line":161,"column":0},"end":{"line":161,"column":44}},"78":{"start":{"line":162,"column":0},"end":{"line":162,"column":42}},"79":{"start":{"line":163,"column":0},"end":{"line":163,"column":37}},"80":{"start":{"line":164,"column":0},"end":{"line":164,"column":33}}},"fnMap":{},"branchMap":{},"s":{"0":0,"1":0,"2":0,"3":0,"4":0,"5":0,"6":0,"7":0,"8":0,"9":0,"10":0,"11":0,"12":0,"13":0,"14":0,"15":0,"16":0,"17":0,"18":0,"19":0,"20":0,"21":0,"22":0,"23":0,"24":0,"25":0,"26":0,"27":0,"28":0,"29":0,"30":0,"31":0,"32":0,"33":0,"34":0,"35":0,"36":0,"37":0,"38":0,"39":0,"40":0,"41":0,"42":0,"43":0,"44":0,"45":0,"46":0,"47":0,"48":0,"49":0,"50":0,"51":0,"52":0,"53":0,"54":0,"55":0,"56":0,"57":0,"58":0,"59":0,"60":0,"61":0,"62":0,"63":0,"64":0,"65":0,"66":0,"67":0,"68":0,"69":0,"70":0,"71":0,"72":0,"73":0,"74":0,"75":0,"76":0,"77":0,"78":0,"79":0,"80":0},"f":{},"b":{}}
,"/Users/lyt1109/Desktop/COMP30022-SDGs-Frontend/itp-front/src/router/index.js": {"path":"/Users/lyt1109/Desktop/COMP30022-SDGs-Frontend/itp-front/src/router/index.js","statementMap":{"0":{"start":{"line":19,"column":0},"end":{"line":19,"column":15}},"1":{"start":{"line":22,"column":15},"end":{"line":36,"column":1}},"2":{"start":{"line":38,"column":15},"end":{"line":40,"column":2}}},"fnMap":{},"branchMap":{},"s":{"0":0,"1":0,"2":0},"f":{},"b":{}}
,"/Users/lyt1109/Desktop/COMP30022-SDGs-Frontend/itp-front/src/views/AnswerFlashCard.vue": {"path":"/Users/lyt1109/Desktop/COMP30022-SDGs-Frontend/itp-front/src/views/AnswerFlashCard.vue","statementMap":{"0":{"start":{"line":20,"column":0},"end":{"line":20,"column":null}},"1":{"start":{"line":21,"column":0},"end":{"line":21,"column":null}},"2":{"start":{"line":22,"column":0},"end":{"line":22,"column":null}},"3":{"start":{"line":23,"column":0},"end":{"line":23,"column":null}},"4":{"start":{"line":24,"column":0},"end":{"line":24,"column":null}},"5":{"start":{"line":25,"column":0},"end":{"line":25,"column":null}},"6":{"start":{"line":18,"column":0},"end":{"line":39,"column":null}}},"fnMap":{},"branchMap":{},"s":{"0":0,"1":0,"2":0,"3":0,"4":0,"5":0,"6":0},"f":{},"b":{}}
,"/Users/lyt1109/Desktop/COMP30022-SDGs-Frontend/itp-front/src/views/AnswerQuestionPage.vue": {"path":"/Users/lyt1109/Desktop/COMP30022-SDGs-Frontend/itp-front/src/views/AnswerQuestionPage.vue","statementMap":{"0":{"start":{"line":22,"column":0},"end":{"line":22,"column":null}},"1":{"start":{"line":23,"column":0},"end":{"line":23,"column":null}},"2":{"start":{"line":24,"column":0},"end":{"line":24,"column":null}},"3":{"start":{"line":25,"column":0},"end":{"line":25,"column":null}},"4":{"start":{"line":26,"column":0},"end":{"line":26,"column":null}},"5":{"start":{"line":20,"column":0},"end":{"line":37,"column":null}}},"fnMap":{},"branchMap":{},"s":{"0":0,"1":0,"2":0,"3":0,"4":0,"5":0},"f":{},"b":{}}
,"/Users/lyt1109/Desktop/COMP30022-SDGs-Frontend/itp-front/src/views/BadgesPage.vue": {"path":"/Users/lyt1109/Desktop/COMP30022-SDGs-Frontend/itp-front/src/views/BadgesPage.vue","statementMap":{"0":{"start":{"line":120,"column":0},"end":{"line":120,"column":null}},"1":{"start":{"line":121,"column":0},"end":{"line":121,"column":null}},"2":{"start":{"line":122,"column":0},"end":{"line":122,"column":null}},"3":{"start":{"line":123,"column":0},"end":{"line":123,"column":null}},"4":{"start":{"line":118,"column":0},"end":{"line":133,"column":null}}},"fnMap":{},"branchMap":{},"s":{"0":0,"1":0,"2":0,"3":0,"4":0},"f":{},"b":{}}
,"/Users/lyt1109/Desktop/COMP30022-SDGs-Frontend/itp-front/src/views/CertificatePage.vue": {"path":"/Users/lyt1109/Desktop/COMP30022-SDGs-Frontend/itp-front/src/views/CertificatePage.vue","statementMap":{"0":{"start":{"line":46,"column":0},"end":{"line":46,"column":null}},"1":{"start":{"line":47,"column":0},"end":{"line":47,"column":null}},"2":{"start":{"line":48,"column":0},"end":{"line":48,"column":null}},"3":{"start":{"line":49,"column":0},"end":{"line":49,"column":null}},"4":{"start":{"line":44,"column":0},"end":{"line":66,"column":null}}},"fnMap":{},"branchMap":{},"s":{"0":0,"1":0,"2":0,"3":0,"4":0},"f":{},"b":{}}
,"/Users/lyt1109/Desktop/COMP30022-SDGs-Frontend/itp-front/src/views/CommunityPage.vue": {"path":"/Users/lyt1109/Desktop/COMP30022-SDGs-Frontend/itp-front/src/views/CommunityPage.vue","statementMap":{"0":{"start":{"line":27,"column":0},"end":{"line":27,"column":null}},"1":{"start":{"line":28,"column":0},"end":{"line":28,"column":null}},"2":{"start":{"line":29,"column":0},"end":{"line":29,"column":null}},"3":{"start":{"line":30,"column":0},"end":{"line":30,"column":null}},"4":{"start":{"line":31,"column":0},"end":{"line":31,"column":null}},"5":{"start":{"line":25,"column":0},"end":{"line":48,"column":null}}},"fnMap":{},"branchMap":{},"s":{"0":0,"1":0,"2":0,"3":0,"4":0,"5":0},"f":{},"b":{}}
,"/Users/lyt1109/Desktop/COMP30022-SDGs-Frontend/itp-front/src/views/CoursePage.vue": {"path":"/Users/lyt1109/Desktop/COMP30022-SDGs-Frontend/itp-front/src/views/CoursePage.vue","statementMap":{"0":{"start":{"line":29,"column":0},"end":{"line":29,"column":null}},"1":{"start":{"line":30,"column":0},"end":{"line":30,"column":null}},"2":{"start":{"line":27,"column":0},"end":{"line":41,"column":null}}},"fnMap":{},"branchMap":{},"s":{"0":0,"1":0,"2":0},"f":{},"b":{}}
,"/Users/lyt1109/Desktop/COMP30022-SDGs-Frontend/itp-front/src/views/HomePage.vue": {"path":"/Users/lyt1109/Desktop/COMP30022-SDGs-Frontend/itp-front/src/views/HomePage.vue","statementMap":{"0":{"start":{"line":15,"column":0},"end":{"line":15,"column":null}},"1":{"start":{"line":16,"column":0},"end":{"line":16,"column":null}},"2":{"start":{"line":17,"column":0},"end":{"line":17,"column":null}},"3":{"start":{"line":18,"column":0},"end":{"line":18,"column":null}},"4":{"start":{"line":19,"column":0},"end":{"line":19,"column":null}},"5":{"start":{"line":13,"column":0},"end":{"line":30,"column":null}}},"fnMap":{},"branchMap":{},"s":{"0":0,"1":0,"2":0,"3":0,"4":0,"5":0},"f":{},"b":{}}
,"/Users/lyt1109/Desktop/COMP30022-SDGs-Frontend/itp-front/src/views/LearningPage.vue": {"path":"/Users/lyt1109/Desktop/COMP30022-SDGs-Frontend/itp-front/src/views/LearningPage.vue","statementMap":{"0":{"start":{"line":16,"column":0},"end":{"line":16,"column":null}},"1":{"start":{"line":17,"column":0},"end":{"line":17,"column":null}},"2":{"start":{"line":18,"column":0},"end":{"line":18,"column":null}},"3":{"start":{"line":19,"column":0},"end":{"line":19,"column":null}},"4":{"start":{"line":14,"column":0},"end":{"line":34,"column":null}}},"fnMap":{},"branchMap":{},"s":{"0":0,"1":0,"2":0,"3":0,"4":0},"f":{},"b":{}}
,"/Users/lyt1109/Desktop/COMP30022-SDGs-Frontend/itp-front/src/views/SeeMyQuestion.vue": {"path":"/Users/lyt1109/Desktop/COMP30022-SDGs-Frontend/itp-front/src/views/SeeMyQuestion.vue","statementMap":{"0":{"start":{"line":17,"column":0},"end":{"line":17,"column":null}},"1":{"start":{"line":18,"column":0},"end":{"line":18,"column":null}},"2":{"start":{"line":19,"column":0},"end":{"line":19,"column":null}},"3":{"start":{"line":20,"column":0},"end":{"line":20,"column":null}},"4":{"start":{"line":15,"column":0},"end":{"line":32,"column":null}}},"fnMap":{},"branchMap":{},"s":{"0":0,"1":0,"2":0,"3":0,"4":0},"f":{},"b":{}}
,"/Users/lyt1109/Desktop/COMP30022-SDGs-Frontend/itp-front/src/views/TakeQuizPage.vue": {"path":"/Users/lyt1109/Desktop/COMP30022-SDGs-Frontend/itp-front/src/views/TakeQuizPage.vue","statementMap":{"0":{"start":{"line":21,"column":0},"end":{"line":21,"column":null}},"1":{"start":{"line":22,"column":0},"end":{"line":22,"column":null}},"2":{"start":{"line":23,"column":0},"end":{"line":23,"column":null}},"3":{"start":{"line":24,"column":0},"end":{"line":24,"column":null}},"4":{"start":{"line":25,"column":0},"end":{"line":25,"column":null}},"5":{"start":{"line":26,"column":0},"end":{"line":26,"column":null}},"6":{"start":{"line":19,"column":0},"end":{"line":39,"column":null}}},"fnMap":{},"branchMap":{},"s":{"0":0,"1":0,"2":0,"3":0,"4":0,"5":0,"6":0},"f":{},"b":{}}
,"/Users/lyt1109/Desktop/COMP30022-SDGs-Frontend/itp-front/src/views/UploadQuestionPage.vue": {"path":"/Users/lyt1109/Desktop/COMP30022-SDGs-Frontend/itp-front/src/views/UploadQuestionPage.vue","statementMap":{"0":{"start":{"line":17,"column":0},"end":{"line":17,"column":null}},"1":{"start":{"line":18,"column":0},"end":{"line":18,"column":null}},"2":{"start":{"line":19,"column":0},"end":{"line":19,"column":null}},"3":{"start":{"line":20,"column":0},"end":{"line":20,"column":null}},"4":{"start":{"line":15,"column":0},"end":{"line":31,"column":null}}},"fnMap":{},"branchMap":{},"s":{"0":0,"1":0,"2":0,"3":0,"4":0},"f":{},"b":{}}
}
